number,value,datetime_start,datetime_complete,duration,params_activation,params_denses,params_drop_rate0,params_drop_rate1,params_drop_rate2,params_drop_rate3,params_drop_rate4,state
183,0.016696581140474172,2020-11-25 08:50:53.847774,2020-11-25 08:55:46.954988,0 days 00:04:53.107214,relu,"[512, 448, 384, 320]",0.2459913624660796,0.3000064441259575,0.4390970055588131,0.6735100418354132,0.283775975554208,COMPLETE
184,0.01663596867633118,2020-11-25 08:55:46.981916,2020-11-25 09:00:41.292964,0 days 00:04:54.311048,relu,"[512, 448, 384, 320]",0.21508425888987184,0.2635917968276547,0.616955972987307,0.25634465902798953,0.34115379657589756,COMPLETE
185,0.016632856237646394,2020-11-25 09:00:41.317898,2020-11-25 09:05:34.521161,0 days 00:04:53.203263,relu,"[512, 448, 384, 320]",0.25801266275496954,0.2711106548760788,0.48514080564402334,0.23856281494569018,0.35475589955437303,COMPLETE
186,0.01725500387672222,2020-11-25 09:05:34.545122,2020-11-25 09:12:11.186588,0 days 00:06:36.641466,relu,"[2560, 2048, 1524, 1012]",0.23035336813376167,0.24111193023941574,0.5609792766712376,0.3030500432350382,0.3633643481187937,COMPLETE
187,0.016631965583435025,2020-11-25 09:12:11.219499,2020-11-25 09:17:38.314090,0 days 00:05:27.094591,relu,"[512, 448, 384, 320]",0.2939935324719142,0.25407314206278775,0.5400419133605987,0.273253431096398,0.3894303671681193,COMPLETE
188,0.016617126159802615,2020-11-25 09:17:38.339050,2020-11-25 09:22:31.550290,0 days 00:04:53.211240,relu,"[512, 448, 384, 320]",0.2669433057441881,0.27844919113075783,0.5106616481440773,0.28854699855773536,0.42001187851488836,COMPLETE
189,0.01669261447410069,2020-11-25 09:22:31.577219,2020-11-25 09:27:26.723348,0 days 00:04:55.146129,relu,"[512, 448, 384, 320]",0.28371178430778254,0.23180086983272033,0.7610824409002969,0.23104380569064412,0.32595758625145554,COMPLETE
190,,2020-11-25 09:27:26.747309,,,,,,,,,,RUNNING
