number,value,datetime_start,datetime_complete,duration,params_activation,params_denses,params_drop_rate0,params_drop_rate1,params_drop_rate2,params_drop_rate3,params_drop_rate4,params_drop_rate5,state
166,0.01682842591805708,2020-11-25 09:17:12.075377,2020-11-25 09:22:41.818094,0 days 00:05:29.742717,relu,"[512, 512, 512, 512, 512]",0.2918600264888734,0.38713859323151534,0.5361412820402293,0.2520259704300368,0.5630381396004716,0.4157599741450906,COMPLETE
167,0.01685772664564075,2020-11-25 09:22:41.843002,2020-11-25 09:28:15.908375,0 days 00:05:34.065373,relu,"[512, 512, 512, 512, 512]",0.30647685738429997,0.3611464350306918,0.5329910160276213,0.2507253343435518,0.5526137709227611,0.4146071845204317,COMPLETE
168,,2020-11-25 09:28:15.933308,,,,,,,,,,,RUNNING
